<?xml version="1.0" encoding="UTF-8"?>
<testng-results ignored="0" total="1" passed="1" failed="0" skipped="0">
  <reporter-output>
  </reporter-output>
  <suite started-at="2022-12-04T21:45:24 IST" name="Suite" finished-at="2022-12-04T21:45:24 IST" duration-ms="86">
    <groups>
    </groups>
    <test started-at="2022-12-04T21:45:24 IST" name="Test" finished-at="2022-12-04T21:45:24 IST" duration-ms="86">
      <class name="practicTest.HelloWorld">
        <test-method signature="testhelloworld()[pri:0, instance:practicTest.HelloWorld@2df9b86]" started-at="2022-12-04T21:45:24 IST" name="testhelloworld" finished-at="2022-12-04T21:45:24 IST" duration-ms="16" status="PASS">
          <reporter-output>
          </reporter-output>
        </test-method> <!-- testhelloworld -->
      </class> <!-- practicTest.HelloWorld -->
    </test> <!-- Test -->
  </suite> <!-- Suite -->
</testng-results>
